{"C:\\Users\\Gustavo\\OneDrive\\Desktop\\React\\Estudo\\src\\Componentes\\Header.jsx": {"path":"C:\\Users\\Gustavo\\OneDrive\\Desktop\\React\\Estudo\\src\\Componentes\\Header.jsx","statementMap":{"0":{"start":{"line":8,"column":4},"end":{"line":19,"column":null}}},"fnMap":{"0":{"name":"Header","decl":{"start":{"line":7,"column":9},"end":{"line":7,"column":18}},"loc":{"start":{"line":7,"column":18},"end":{"line":19,"column":null}},"line":7}},"branchMap":{},"s":{"0":1},"f":{"0":1},"b":{},"meta":{"lastBranch":0,"lastFunction":1,"lastStatement":1,"seen":{"f:7:9:7:18":0,"s:8:4:19:Infinity":0}}}
,"C:\\Users\\Gustavo\\OneDrive\\Desktop\\React\\Estudo\\src\\Componentes\\Css\\header.css": {"path":"C:\\Users\\Gustavo\\OneDrive\\Desktop\\React\\Estudo\\src\\Componentes\\Css\\header.css","statementMap":{},"fnMap":{},"branchMap":{},"s":{},"f":{},"b":{},"meta":{"lastBranch":0,"lastFunction":0,"lastStatement":0,"seen":{}}}
,"C:\\Users\\Gustavo\\OneDrive\\Desktop\\React\\Estudo\\src\\assets\\Casa.png": {"path":"C:\\Users\\Gustavo\\OneDrive\\Desktop\\React\\Estudo\\src\\assets\\Casa.png","statementMap":{},"fnMap":{},"branchMap":{},"s":{},"f":{},"b":{},"meta":{"lastBranch":0,"lastFunction":0,"lastStatement":0,"seen":{}}}
,"C:\\Users\\Gustavo\\OneDrive\\Desktop\\React\\Estudo\\src\\assets\\insta.svg": {"path":"C:\\Users\\Gustavo\\OneDrive\\Desktop\\React\\Estudo\\src\\assets\\insta.svg","statementMap":{},"fnMap":{},"branchMap":{},"s":{},"f":{},"b":{},"meta":{"lastBranch":0,"lastFunction":0,"lastStatement":0,"seen":{}}}
}
